<?xml version="1.0" encoding="UTF-8" ?>
<testsuite errors="0" failures="0" hostname="bigmac.local" name="tekdays.TekEventTests" tests="1" time="0.048" timestamp="2012-06-13T13:17:35">
  <properties />
  <testcase classname="tekdays.TekEventTests" name="testToString" time="0.039" />
  <system-out><![CDATA[--Output from testToString--
]]></system-out>
  <system-err><![CDATA[--Output from testToString--
]]></system-err>
</testsuite>
