<?xml version="1.0" encoding="UTF-8" ?>
<testsuite errors="0" failures="0" hostname="bigmac.local" name="tekdays.TekUserTests" tests="1" time="0.016" timestamp="2012-06-13T13:17:35">
  <properties />
  <testcase classname="tekdays.TekUserTests" name="testSomething" time="0.013" />
  <system-out><![CDATA[--Output from testSomething--
]]></system-out>
  <system-err><![CDATA[--Output from testSomething--
]]></system-err>
</testsuite>
